<?xml version="1.0" encoding="UTF-8"?>
<!-- Generated by org.testng.reporters.JUnitReportReporter -->
<testsuite hostname="INLEN8520060837" failures="0" tests="6" name="com.testng.SecondTest" time="0.032" errors="0" timestamp="2023-08-23T14:51:38 IST" skipped="1">
  <testcase classname="com.testng.SecondTest" name="log" time="0.019"/>
  <testcase classname="com.testng.SecondTest" name="search" time="0.003"/>
  <testcase classname="com.testng.SecondTest" name="search" time="0.003"/>
  <testcase classname="com.testng.SecondTest" name="search" time="0.004"/>
  <testcase classname="com.testng.SecondTest" name="addtocart" time="0.003"/>
  <testcase classname="com.testng.SecondTest" name="checkout">
    <skipped/>
  </testcase> <!-- checkout -->
</testsuite> <!-- com.testng.SecondTest -->
