<?xml version="1.0" encoding="UTF-8"?>
<!-- Generated by org.testng.reporters.JUnitReportReporter -->
<testsuite hostname="INLEN8520060837" failures="0" tests="3" name="com.testng.ParallelExecution" time="62.984" errors="0" timestamp="2023-08-24T11:23:26 IST" skipped="0">
  <testcase classname="com.testng.ParallelExecution" name="f" time="20.823"/>
  <testcase classname="com.testng.ParallelExecution" name="f" time="21.241"/>
  <testcase classname="com.testng.ParallelExecution" name="f" time="20.920"/>
</testsuite> <!-- com.testng.ParallelExecution -->
