<?xml version="1.0" encoding="UTF-8"?>
<!-- Generated by org.testng.reporters.JUnitReportReporter -->
<testsuite hostname="INLEN8520060837" failures="0" tests="1" name="com.testng.IgnoreException" time="0.055" errors="0" timestamp="2023-08-24T09:44:32 IST" skipped="0">
  <testcase classname="com.testng.IgnoreException" name="test2" time="0.055"/>
</testsuite> <!-- com.testng.IgnoreException -->
