<?xml version="1.0" encoding="UTF-8"?>
<!-- Generated by org.testng.reporters.JUnitReportReporter -->
<testsuite hostname="INLEN8520060837" failures="0" tests="1" name="com.pages.HomeMain" time="10.857" errors="0" timestamp="2023-08-24T17:04:13 IST" skipped="0">
  <testcase classname="com.pages.HomeMain" name="testLog" time="10.857"/>
</testsuite> <!-- com.pages.HomeMain -->
