<?xml version="1.0" encoding="UTF-8"?>
<!-- Generated by org.testng.reporters.JUnitReportReporter -->
<testsuite hostname="INLEN8520060837" failures="0" tests="6" name="com.testng.ThreadPoolTest" time="0.044" errors="0" timestamp="2023-08-24T12:08:24 IST" skipped="0">
  <testcase classname="com.testng.ThreadPoolTest" name="log" time="0.013"/>
  <testcase classname="com.testng.ThreadPoolTest" name="log" time="0.012"/>
  <testcase classname="com.testng.ThreadPoolTest" name="log" time="0.013"/>
  <testcase classname="com.testng.ThreadPoolTest" name="search" time="0.001"/>
  <testcase classname="com.testng.ThreadPoolTest" name="checkout" time="0.002"/>
  <testcase classname="com.testng.ThreadPoolTest" name="addtocart" time="0.003"/>
</testsuite> <!-- com.testng.ThreadPoolTest -->
