<?xml version="1.0" encoding="UTF-8"?>
<!-- Generated by org.testng.reporters.JUnitReportReporter -->
<testsuite hostname="INLEN8520060837" failures="0" tests="3" name="com.testng.GroupClass" time="0.012" errors="0" timestamp="2023-08-24T10:07:37 IST" skipped="0">
  <testcase classname="com.testng.GroupClass" name="search" time="0.009"/>
  <testcase classname="com.testng.GroupClass" name="addtocart" time="0.002"/>
  <testcase classname="com.testng.GroupClass" name="checkout" time="0.001"/>
</testsuite> <!-- com.testng.GroupClass -->
