<?xml version="1.0" encoding="UTF-8"?>
<!-- Generated by org.testng.reporters.JUnitReportReporter -->
<testsuite hostname="INLEN8520060837" failures="0" tests="1" name="com.testng.DefaultPriorityClass" time="0.004" errors="0" timestamp="2023-08-31T00:58:46 IST" skipped="0">
  <testcase classname="com.testng.DefaultPriorityClass" name="sampleMethod" time="0.004"/>
</testsuite> <!-- com.testng.DefaultPriorityClass -->
