<?xml version="1.0" encoding="UTF-8"?>
<!-- Generated by org.testng.reporters.JUnitReportReporter -->
<testsuite hostname="INLEN8520060837" failures="0" tests="7" name="com.testng.PriorityClass" time="0.015" errors="0" timestamp="2023-08-23T15:49:08 IST" skipped="2">
  <testcase classname="com.testng.PriorityClass" name="log" time="0.008"/>
  <testcase classname="com.testng.PriorityClass" name="search" time="0.003"/>
  <testcase classname="com.testng.PriorityClass" name="search" time="0.001"/>
  <testcase classname="com.testng.PriorityClass" name="search" time="0.002"/>
  <testcase classname="com.testng.PriorityClass" name="addtocart" time="0.001"/>
  <testcase classname="com.testng.PriorityClass" name="checkout">
    <skipped/>
  </testcase> <!-- checkout -->
  <testcase classname="com.testng.PriorityClass" name="checkout">
    <skipped/>
  </testcase> <!-- checkout -->
</testsuite> <!-- com.testng.PriorityClass -->
