<?xml version="1.0" encoding="UTF-8"?>
<!-- Generated by org.testng.reporters.JUnitReportReporter -->
<testsuite hostname="INLEN8520060837" failures="0" tests="1" name="Repository.ReopSwagLabs" time="6.277" errors="0" timestamp="2023-08-25T11:00:38 IST" skipped="0">
  <testcase classname="Repository.ReopSwagLabs" name="testobj" time="6.277"/>
</testsuite> <!-- Repository.ReopSwagLabs -->
