<?xml version="1.0" encoding="UTF-8"?>
<!-- Generated by org.testng.reporters.JUnitReportReporter -->
<testsuite hostname="INLEN8520060837" failures="0" tests="9" name="com.testng.ParametersClass" time="5.513" errors="0" timestamp="2023-08-23T17:43:14 IST" skipped="0">
  <testcase classname="com.testng.ParametersClass" name="initializeBrowser" time="1.821"/>
  <testcase classname="com.testng.ParametersClass" name="initializeBrowser" time="0.672"/>
  <testcase classname="com.testng.ParametersClass" name="initializeBrowser" time="0.615"/>
  <testcase classname="com.testng.ParametersClass" name="test2" time="0.370"/>
  <testcase classname="com.testng.ParametersClass" name="test2" time="0.392"/>
  <testcase classname="com.testng.ParametersClass" name="test2" time="0.568"/>
  <testcase classname="com.testng.ParametersClass" name="teardown" time="0.281"/>
  <testcase classname="com.testng.ParametersClass" name="teardown" time="0.479"/>
  <testcase classname="com.testng.ParametersClass" name="teardown" time="0.315"/>
</testsuite> <!-- com.testng.ParametersClass -->
