<?xml version="1.0" encoding="UTF-8"?>
<!-- Generated by org.testng.reporters.JUnitReportReporter -->
<testsuite hostname="INLEN8520060837" failures="0" tests="1" name="com.demoApp.DemoApp.ExtentRepo" time="12.071" errors="0" timestamp="2023-08-25T14:51:45 IST" skipped="0">
  <testcase classname="com.demoApp.DemoApp.ExtentRepo" name="verifyTitle" time="12.071"/>
</testsuite> <!-- com.demoApp.DemoApp.ExtentRepo -->
