<?xml version="1.0" encoding="UTF-8"?>
<!-- Generated by org.testng.reporters.JUnitReportReporter -->
<testsuite hostname="INLEN8520060837" failures="0" tests="1" name="com.testng.Swaglabs" time="0.450" errors="0" timestamp="2023-08-23T15:28:38 IST" skipped="0">
  <testcase classname="com.testng.Swaglabs" name="test2" time="0.450"/>
</testsuite> <!-- com.testng.Swaglabs -->
